2016-12-02T05:59:01.292Z - normal: Load ~/.CocosCreator/settings.json
2016-12-02T05:59:01.297Z - normal: checking language setting...
2016-12-02T05:59:01.297Z - normal: Language: zh
2016-12-02T05:59:02.426Z - success: protocol editor-framework registered
2016-12-02T05:59:02.427Z - success: protocol app registered
2016-12-02T05:59:02.427Z - success: protocol packages registered
2016-12-02T05:59:02.427Z - success: protocol theme registered
2016-12-02T05:59:02.427Z - success: protocol unpack registerred
2016-12-02T05:59:02.608Z - normal: connected!
2016-12-02T05:59:02.611Z - normal: Check project Z:\cocosdevelop\cordinate - sample1
2016-12-02T05:59:02.613Z - normal: Initializing Cocos Creator Editor
2016-12-02T05:59:03.216Z - normal: Initializing Cocos2d
2016-12-02T05:59:03.792Z - normal: Initializing Asset Database
2016-12-02T05:59:03.831Z - success: protocol uuid registerred
2016-12-02T05:59:03.831Z - success: protocol db registerred
2016-12-02T05:59:03.832Z - success: protocol thumbnail registerred
2016-12-02T05:59:03.832Z - normal: Loading editor/builtin packages
2016-12-02T05:59:03.974Z - success: assets loaded
2016-12-02T05:59:03.976Z - success: builder loaded
2016-12-02T05:59:03.981Z - success: hierarchy loaded
2016-12-02T05:59:03.983Z - success: inspector loaded
2016-12-02T05:59:03.986Z - success: keystore loaded
2016-12-02T05:59:03.988Z - success: node-library loaded
2016-12-02T05:59:03.990Z - success: preferences loaded
2016-12-02T05:59:04.004Z - success: project-importer loaded
2016-12-02T05:59:04.006Z - success: project-settings loaded
2016-12-02T05:59:04.008Z - success: ui-kit loaded
2016-12-02T05:59:04.042Z - success: ui-grid loaded
2016-12-02T05:59:04.046Z - success: scene loaded
2016-12-02T05:59:04.047Z - success: sprite-editor loaded
2016-12-02T05:59:04.052Z - success: timeline loaded
2016-12-02T05:59:04.052Z - normal: Loading builtin packages
2016-12-02T05:59:04.063Z - success: asset-db-debugger loaded
2016-12-02T05:59:04.064Z - success: code-editor loaded
2016-12-02T05:59:04.074Z - success: color-picker loaded
2016-12-02T05:59:04.077Z - success: console loaded
2016-12-02T05:59:04.079Z - success: package-manager loaded
2016-12-02T05:59:04.084Z - success: tester loaded
2016-12-02T05:59:04.085Z - success: ui-kit-preview-extra loaded
2016-12-02T05:59:04.087Z - success: ui-kit-preview loaded
2016-12-02T05:59:04.088Z - success: ui-tree loaded
2016-12-02T05:59:04.245Z - normal: Initializing project Z:\cocosdevelop\cordinate - sample1
2016-12-02T05:59:04.248Z - normal: Loading packages
2016-12-02T05:59:04.251Z - normal: Watching packages
2016-12-02T05:59:04.276Z - normal: Run Application
2016-12-02T05:59:05.194Z - success: preview server running at http://localhost:7456
2016-12-02T05:59:10.043Z - normal: 1.3.2
2016-12-02T06:21:50.951Z - info: shutdown preview server
