2016-12-01T05:03:59.313Z - normal: Load ~/.CocosCreator/settings.json
2016-12-01T05:03:59.317Z - normal: checking language setting...
2016-12-01T05:03:59.317Z - normal: Language: zh
2016-12-01T05:04:00.427Z - success: protocol editor-framework registered
2016-12-01T05:04:00.427Z - success: protocol app registered
2016-12-01T05:04:00.427Z - success: protocol packages registered
2016-12-01T05:04:00.427Z - success: protocol theme registered
2016-12-01T05:04:00.427Z - success: protocol unpack registerred
2016-12-01T05:04:01.823Z - normal: connected!
2016-12-01T05:04:01.831Z - normal: Check project Z:\cocosdevelop\start_project
2016-12-01T05:04:01.837Z - normal: Initializing Cocos Creator Editor
2016-12-01T05:04:02.696Z - normal: Initializing Cocos2d
2016-12-01T05:04:04.033Z - normal: Initializing Asset Database
2016-12-01T05:04:04.091Z - success: protocol uuid registerred
2016-12-01T05:04:04.091Z - success: protocol db registerred
2016-12-01T05:04:04.091Z - success: protocol thumbnail registerred
2016-12-01T05:04:04.092Z - normal: Loading editor/builtin packages
2016-12-01T05:04:04.346Z - success: assets loaded
2016-12-01T05:04:04.349Z - success: builder loaded
2016-12-01T05:04:04.352Z - success: hierarchy loaded
2016-12-01T05:04:04.355Z - success: inspector loaded
2016-12-01T05:04:04.356Z - success: keystore loaded
2016-12-01T05:04:04.358Z - success: node-library loaded
2016-12-01T05:04:04.360Z - success: preferences loaded
2016-12-01T05:04:04.372Z - success: project-importer loaded
2016-12-01T05:04:04.373Z - success: project-settings loaded
2016-12-01T05:04:04.375Z - success: ui-kit loaded
2016-12-01T05:04:04.386Z - success: ui-grid loaded
2016-12-01T05:04:04.388Z - success: scene loaded
2016-12-01T05:04:04.389Z - success: sprite-editor loaded
2016-12-01T05:04:04.394Z - success: timeline loaded
2016-12-01T05:04:04.394Z - normal: Loading builtin packages
2016-12-01T05:04:04.405Z - success: asset-db-debugger loaded
2016-12-01T05:04:04.407Z - success: code-editor loaded
2016-12-01T05:04:04.407Z - success: color-picker loaded
2016-12-01T05:04:04.410Z - success: console loaded
2016-12-01T05:04:04.411Z - success: package-manager loaded
2016-12-01T05:04:04.413Z - success: tester loaded
2016-12-01T05:04:04.414Z - success: ui-kit-preview-extra loaded
2016-12-01T05:04:04.415Z - success: ui-kit-preview loaded
2016-12-01T05:04:04.416Z - success: ui-tree loaded
2016-12-01T05:04:04.525Z - normal: Initializing project Z:\cocosdevelop\start_project
2016-12-01T05:04:04.532Z - normal: Loading packages
2016-12-01T05:04:04.542Z - normal: Watching packages
2016-12-01T05:04:04.572Z - normal: Run Application
2016-12-01T05:04:06.157Z - success: preview server running at http://localhost:7456
2016-12-01T05:04:12.925Z - normal: 1.3.2
2016-12-01T07:31:09.201Z - info: shutdown preview server
